[0.005s] Invoking command in '/home/mickyas/Workspaces/ros2_py_ws/build/udemy_ros2_pkg': CMAKE_PREFIX_PATH=/opt/ros/humble /usr/bin/cmake --build /home/mickyas/Workspaces/ros2_py_ws/build/udemy_ros2_pkg -- -j16 -l16
[0.020s] -- Found ament_cmake: 1.3.8 (/opt/ros/humble/share/ament_cmake/cmake)
[0.092s] -- Found rclpy: 3.3.12 (/opt/ros/humble/share/rclpy/cmake)
[0.130s] -- Found ament_lint_auto: 0.12.10 (/opt/ros/humble/share/ament_lint_auto/cmake)
[0.169s] -- Added test 'flake8' to check Python code syntax and style conventions
[0.169s] -- Added test 'lint_cmake' to check CMake code style
[0.169s] -- Added test 'pep257' to check Python code against some of the docstring style conventions in PEP 257
[0.170s] -- Added test 'xmllint' to check XML markup files
[0.170s] -- Configuring done
[0.172s] -- Generating done
[0.173s] -- Build files have been written to: /home/mickyas/Workspaces/ros2_py_ws/build/udemy_ros2_pkg
[0.195s] Built target ament_cmake_python_copy_scripts
[0.349s] running egg_info
[0.349s] writing scripts.egg-info/PKG-INFO
[0.349s] writing dependency_links to scripts.egg-info/dependency_links.txt
[0.349s] writing top-level names to scripts.egg-info/top_level.txt
[0.351s] reading manifest file 'scripts.egg-info/SOURCES.txt'
[0.351s] writing manifest file 'scripts.egg-info/SOURCES.txt'
[0.366s] Built target ament_cmake_python_build_scripts_egg
[0.373s] Invoked command in '/home/mickyas/Workspaces/ros2_py_ws/build/udemy_ros2_pkg' returned '0': CMAKE_PREFIX_PATH=/opt/ros/humble /usr/bin/cmake --build /home/mickyas/Workspaces/ros2_py_ws/build/udemy_ros2_pkg -- -j16 -l16
[0.392s] Invoking command in '/home/mickyas/Workspaces/ros2_py_ws/build/udemy_ros2_pkg': CMAKE_PREFIX_PATH=/opt/ros/humble /usr/bin/cmake --install /home/mickyas/Workspaces/ros2_py_ws/build/udemy_ros2_pkg
[0.397s] -- Install configuration: ""
[0.397s] -- Up-to-date: /home/mickyas/Workspaces/ros2_py_ws/install/udemy_ros2_pkg/share/udemy_ros2_pkg/environment/pythonpath.sh
[0.397s] -- Installing: /home/mickyas/Workspaces/ros2_py_ws/install/udemy_ros2_pkg/share/udemy_ros2_pkg/environment/pythonpath.dsv
[0.397s] -- Up-to-date: /home/mickyas/Workspaces/ros2_py_ws/install/udemy_ros2_pkg/local/lib/python3.10/dist-packages/scripts-0.0.0-py3.10.egg-info
[0.397s] -- Installing: /home/mickyas/Workspaces/ros2_py_ws/install/udemy_ros2_pkg/local/lib/python3.10/dist-packages/scripts-0.0.0-py3.10.egg-info/dependency_links.txt
[0.397s] -- Installing: /home/mickyas/Workspaces/ros2_py_ws/install/udemy_ros2_pkg/local/lib/python3.10/dist-packages/scripts-0.0.0-py3.10.egg-info/top_level.txt
[0.397s] -- Installing: /home/mickyas/Workspaces/ros2_py_ws/install/udemy_ros2_pkg/local/lib/python3.10/dist-packages/scripts-0.0.0-py3.10.egg-info/SOURCES.txt
[0.397s] -- Installing: /home/mickyas/Workspaces/ros2_py_ws/install/udemy_ros2_pkg/local/lib/python3.10/dist-packages/scripts-0.0.0-py3.10.egg-info/PKG-INFO
[0.397s] -- Up-to-date: /home/mickyas/Workspaces/ros2_py_ws/install/udemy_ros2_pkg/local/lib/python3.10/dist-packages/scripts
[0.397s] -- Up-to-date: /home/mickyas/Workspaces/ros2_py_ws/install/udemy_ros2_pkg/local/lib/python3.10/dist-packages/scripts/__init__.py
[0.397s] -- Up-to-date: /home/mickyas/Workspaces/ros2_py_ws/install/udemy_ros2_pkg/local/lib/python3.10/dist-packages/scripts/subscriber.py
[0.397s] -- Up-to-date: /home/mickyas/Workspaces/ros2_py_ws/install/udemy_ros2_pkg/local/lib/python3.10/dist-packages/scripts/publisher.py
[0.418s] Listing '/home/mickyas/Workspaces/ros2_py_ws/install/udemy_ros2_pkg/local/lib/python3.10/dist-packages/scripts'...
[0.421s] -- Installing: /home/mickyas/Workspaces/ros2_py_ws/install/udemy_ros2_pkg/lib/udemy_ros2_pkg/publisher.py
[0.421s] -- Installing: /home/mickyas/Workspaces/ros2_py_ws/install/udemy_ros2_pkg/lib/udemy_ros2_pkg/subscriber.py
[0.421s] -- Installing: /home/mickyas/Workspaces/ros2_py_ws/install/udemy_ros2_pkg/share/ament_index/resource_index/package_run_dependencies/udemy_ros2_pkg
[0.421s] -- Up-to-date: /home/mickyas/Workspaces/ros2_py_ws/install/udemy_ros2_pkg/share/ament_index/resource_index/parent_prefix_path/udemy_ros2_pkg
[0.422s] -- Up-to-date: /home/mickyas/Workspaces/ros2_py_ws/install/udemy_ros2_pkg/share/udemy_ros2_pkg/environment/ament_prefix_path.sh
[0.422s] -- Installing: /home/mickyas/Workspaces/ros2_py_ws/install/udemy_ros2_pkg/share/udemy_ros2_pkg/environment/ament_prefix_path.dsv
[0.422s] -- Up-to-date: /home/mickyas/Workspaces/ros2_py_ws/install/udemy_ros2_pkg/share/udemy_ros2_pkg/environment/path.sh
[0.422s] -- Installing: /home/mickyas/Workspaces/ros2_py_ws/install/udemy_ros2_pkg/share/udemy_ros2_pkg/environment/path.dsv
[0.422s] -- Up-to-date: /home/mickyas/Workspaces/ros2_py_ws/install/udemy_ros2_pkg/share/udemy_ros2_pkg/local_setup.bash
[0.422s] -- Installing: /home/mickyas/Workspaces/ros2_py_ws/install/udemy_ros2_pkg/share/udemy_ros2_pkg/local_setup.sh
[0.422s] -- Up-to-date: /home/mickyas/Workspaces/ros2_py_ws/install/udemy_ros2_pkg/share/udemy_ros2_pkg/local_setup.zsh
[0.422s] -- Installing: /home/mickyas/Workspaces/ros2_py_ws/install/udemy_ros2_pkg/share/udemy_ros2_pkg/local_setup.dsv
[0.422s] -- Installing: /home/mickyas/Workspaces/ros2_py_ws/install/udemy_ros2_pkg/share/udemy_ros2_pkg/package.dsv
[0.422s] -- Up-to-date: /home/mickyas/Workspaces/ros2_py_ws/install/udemy_ros2_pkg/share/ament_index/resource_index/packages/udemy_ros2_pkg
[0.422s] -- Up-to-date: /home/mickyas/Workspaces/ros2_py_ws/install/udemy_ros2_pkg/share/udemy_ros2_pkg/cmake/udemy_ros2_pkgConfig.cmake
[0.422s] -- Up-to-date: /home/mickyas/Workspaces/ros2_py_ws/install/udemy_ros2_pkg/share/udemy_ros2_pkg/cmake/udemy_ros2_pkgConfig-version.cmake
[0.422s] -- Installing: /home/mickyas/Workspaces/ros2_py_ws/install/udemy_ros2_pkg/share/udemy_ros2_pkg/package.xml
[0.424s] Invoked command in '/home/mickyas/Workspaces/ros2_py_ws/build/udemy_ros2_pkg' returned '0': CMAKE_PREFIX_PATH=/opt/ros/humble /usr/bin/cmake --install /home/mickyas/Workspaces/ros2_py_ws/build/udemy_ros2_pkg
