[0.006s] Invoking command in '/home/mickyas/Workspaces/ros2_py_ws/build/udemy_ros2_pkg': CMAKE_PREFIX_PATH=/opt/ros/humble /usr/bin/cmake --build /home/mickyas/Workspaces/ros2_py_ws/build/udemy_ros2_pkg -- -j16 -l16
[0.042s] Built target ament_cmake_python_copy_scripts
[0.178s] running egg_info
[0.178s] writing scripts.egg-info/PKG-INFO
[0.179s] writing dependency_links to scripts.egg-info/dependency_links.txt
[0.179s] writing top-level names to scripts.egg-info/top_level.txt
[0.180s] reading manifest file 'scripts.egg-info/SOURCES.txt'
[0.180s] writing manifest file 'scripts.egg-info/SOURCES.txt'
[0.195s] Built target ament_cmake_python_build_scripts_egg
[0.202s] Invoked command in '/home/mickyas/Workspaces/ros2_py_ws/build/udemy_ros2_pkg' returned '0': CMAKE_PREFIX_PATH=/opt/ros/humble /usr/bin/cmake --build /home/mickyas/Workspaces/ros2_py_ws/build/udemy_ros2_pkg -- -j16 -l16
[0.223s] Invoking command in '/home/mickyas/Workspaces/ros2_py_ws/build/udemy_ros2_pkg': CMAKE_PREFIX_PATH=/opt/ros/humble /usr/bin/cmake --install /home/mickyas/Workspaces/ros2_py_ws/build/udemy_ros2_pkg
[0.228s] -- Install configuration: ""
[0.228s] -- Up-to-date: /home/mickyas/Workspaces/ros2_py_ws/install/udemy_ros2_pkg/share/udemy_ros2_pkg/environment/pythonpath.sh
[0.228s] -- Up-to-date: /home/mickyas/Workspaces/ros2_py_ws/install/udemy_ros2_pkg/share/udemy_ros2_pkg/environment/pythonpath.dsv
[0.228s] -- Up-to-date: /home/mickyas/Workspaces/ros2_py_ws/install/udemy_ros2_pkg/local/lib/python3.10/dist-packages/scripts-0.0.0-py3.10.egg-info
[0.228s] -- Installing: /home/mickyas/Workspaces/ros2_py_ws/install/udemy_ros2_pkg/local/lib/python3.10/dist-packages/scripts-0.0.0-py3.10.egg-info/dependency_links.txt
[0.228s] -- Installing: /home/mickyas/Workspaces/ros2_py_ws/install/udemy_ros2_pkg/local/lib/python3.10/dist-packages/scripts-0.0.0-py3.10.egg-info/top_level.txt
[0.228s] -- Installing: /home/mickyas/Workspaces/ros2_py_ws/install/udemy_ros2_pkg/local/lib/python3.10/dist-packages/scripts-0.0.0-py3.10.egg-info/SOURCES.txt
[0.228s] -- Installing: /home/mickyas/Workspaces/ros2_py_ws/install/udemy_ros2_pkg/local/lib/python3.10/dist-packages/scripts-0.0.0-py3.10.egg-info/PKG-INFO
[0.228s] -- Up-to-date: /home/mickyas/Workspaces/ros2_py_ws/install/udemy_ros2_pkg/local/lib/python3.10/dist-packages/scripts
[0.228s] -- Up-to-date: /home/mickyas/Workspaces/ros2_py_ws/install/udemy_ros2_pkg/local/lib/python3.10/dist-packages/scripts/__init__.py
[0.228s] -- Up-to-date: /home/mickyas/Workspaces/ros2_py_ws/install/udemy_ros2_pkg/local/lib/python3.10/dist-packages/scripts/subscriber.py
[0.228s] -- Up-to-date: /home/mickyas/Workspaces/ros2_py_ws/install/udemy_ros2_pkg/local/lib/python3.10/dist-packages/scripts/publisher.py
[0.246s] Listing '/home/mickyas/Workspaces/ros2_py_ws/install/udemy_ros2_pkg/local/lib/python3.10/dist-packages/scripts'...
[0.249s] [31mCMake Error at cmake_install.cmake:70 (file):
[0.249s]   file INSTALL cannot find
[0.249s]   "/home/mickyas/Workspaces/ros2_py_ws/src/udemy_ros2_pkg/script/publisher.py":
[0.249s]   No such file or directory.
[0.249s] 
[0.249s] [0m
[0.250s] Invoked command in '/home/mickyas/Workspaces/ros2_py_ws/build/udemy_ros2_pkg' returned '1': CMAKE_PREFIX_PATH=/opt/ros/humble /usr/bin/cmake --install /home/mickyas/Workspaces/ros2_py_ws/build/udemy_ros2_pkg
