[0.010s] Invoking command in '/home/mickyas/Workspaces/ros2_py_ws/build/udemy_ros2_pkg': CMAKE_PREFIX_PATH=/opt/ros/humble /usr/bin/cmake --build /home/mickyas/Workspaces/ros2_py_ws/build/udemy_ros2_pkg -- -j16 -l16
[0.032s] -- Found ament_cmake: 1.3.8 (/opt/ros/humble/share/ament_cmake/cmake)
[0.115s] -- Found rclpy: 3.3.12 (/opt/ros/humble/share/rclpy/cmake)
[0.164s] -- Found ament_lint_auto: 0.12.10 (/opt/ros/humble/share/ament_lint_auto/cmake)
[0.205s] -- Added test 'flake8' to check Python code syntax and style conventions
[0.205s] -- Added test 'lint_cmake' to check CMake code style
[0.205s] -- Added test 'pep257' to check Python code against some of the docstring style conventions in PEP 257
[0.206s] -- Added test 'xmllint' to check XML markup files
[0.207s] -- Configuring done
[0.210s] -- Generating done
[0.211s] -- Build files have been written to: /home/mickyas/Workspaces/ros2_py_ws/build/udemy_ros2_pkg
[0.233s] Built target ament_cmake_python_copy_scripts
[0.376s] running egg_info
[0.376s] creating scripts.egg-info
[0.376s] writing scripts.egg-info/PKG-INFO
[0.376s] writing dependency_links to scripts.egg-info/dependency_links.txt
[0.376s] writing top-level names to scripts.egg-info/top_level.txt
[0.376s] writing manifest file 'scripts.egg-info/SOURCES.txt'
[0.378s] reading manifest file 'scripts.egg-info/SOURCES.txt'
[0.378s] writing manifest file 'scripts.egg-info/SOURCES.txt'
[0.392s] Built target ament_cmake_python_build_scripts_egg
[0.399s] Invoked command in '/home/mickyas/Workspaces/ros2_py_ws/build/udemy_ros2_pkg' returned '0': CMAKE_PREFIX_PATH=/opt/ros/humble /usr/bin/cmake --build /home/mickyas/Workspaces/ros2_py_ws/build/udemy_ros2_pkg -- -j16 -l16
[0.419s] Invoking command in '/home/mickyas/Workspaces/ros2_py_ws/build/udemy_ros2_pkg': CMAKE_PREFIX_PATH=/opt/ros/humble /usr/bin/cmake --install /home/mickyas/Workspaces/ros2_py_ws/build/udemy_ros2_pkg
[0.423s] -- Install configuration: ""
[0.423s] -- Installing: /home/mickyas/Workspaces/ros2_py_ws/install/udemy_ros2_pkg/share/udemy_ros2_pkg/environment/pythonpath.sh
[0.424s] -- Installing: /home/mickyas/Workspaces/ros2_py_ws/install/udemy_ros2_pkg/share/udemy_ros2_pkg/environment/pythonpath.dsv
[0.424s] -- Installing: /home/mickyas/Workspaces/ros2_py_ws/install/udemy_ros2_pkg/local/lib/python3.10/dist-packages/scripts-0.0.0-py3.10.egg-info
[0.424s] -- Installing: /home/mickyas/Workspaces/ros2_py_ws/install/udemy_ros2_pkg/local/lib/python3.10/dist-packages/scripts-0.0.0-py3.10.egg-info/dependency_links.txt
[0.424s] -- Installing: /home/mickyas/Workspaces/ros2_py_ws/install/udemy_ros2_pkg/local/lib/python3.10/dist-packages/scripts-0.0.0-py3.10.egg-info/top_level.txt
[0.424s] -- Installing: /home/mickyas/Workspaces/ros2_py_ws/install/udemy_ros2_pkg/local/lib/python3.10/dist-packages/scripts-0.0.0-py3.10.egg-info/SOURCES.txt
[0.424s] -- Installing: /home/mickyas/Workspaces/ros2_py_ws/install/udemy_ros2_pkg/local/lib/python3.10/dist-packages/scripts-0.0.0-py3.10.egg-info/PKG-INFO
[0.424s] -- Installing: /home/mickyas/Workspaces/ros2_py_ws/install/udemy_ros2_pkg/local/lib/python3.10/dist-packages/scripts
[0.424s] -- Installing: /home/mickyas/Workspaces/ros2_py_ws/install/udemy_ros2_pkg/local/lib/python3.10/dist-packages/scripts/__init__.py
[0.424s] -- Installing: /home/mickyas/Workspaces/ros2_py_ws/install/udemy_ros2_pkg/local/lib/python3.10/dist-packages/scripts/subscriber.py
[0.424s] -- Installing: /home/mickyas/Workspaces/ros2_py_ws/install/udemy_ros2_pkg/local/lib/python3.10/dist-packages/scripts/publisher.py
[0.444s] Listing '/home/mickyas/Workspaces/ros2_py_ws/install/udemy_ros2_pkg/local/lib/python3.10/dist-packages/scripts'...
[0.444s] Compiling '/home/mickyas/Workspaces/ros2_py_ws/install/udemy_ros2_pkg/local/lib/python3.10/dist-packages/scripts/__init__.py'...
[0.444s] Compiling '/home/mickyas/Workspaces/ros2_py_ws/install/udemy_ros2_pkg/local/lib/python3.10/dist-packages/scripts/publisher.py'...
[0.444s] Compiling '/home/mickyas/Workspaces/ros2_py_ws/install/udemy_ros2_pkg/local/lib/python3.10/dist-packages/scripts/subscriber.py'...
[0.446s] [31mCMake Error at cmake_install.cmake:70 (file):
[0.446s]   file INSTALL cannot find
[0.446s]   "/home/mickyas/Workspaces/ros2_py_ws/src/udemy_ros2_pkg/script/publisher.py":
[0.446s]   No such file or directory.
[0.446s] 
[0.446s] [0m
[0.448s] Invoked command in '/home/mickyas/Workspaces/ros2_py_ws/build/udemy_ros2_pkg' returned '1': CMAKE_PREFIX_PATH=/opt/ros/humble /usr/bin/cmake --install /home/mickyas/Workspaces/ros2_py_ws/build/udemy_ros2_pkg
